Traceback (most recent call last):
  File "C:\Users\aadit\AppData\Local\Programs\Python\Python310\lib\site-packages\pandas\core\ops\array_ops.py", line 218, in _na_arithmetic_op
    result = func(left, right)
  File "C:\Users\aadit\AppData\Local\Programs\Python\Python310\lib\site-packages\pandas\core\computation\expressions.py", line 242, in evaluate
    return _evaluate(op, op_str, a, b)  # type: ignore[misc]
  File "C:\Users\aadit\AppData\Local\Programs\Python\Python310\lib\site-packages\pandas\core\computation\expressions.py", line 73, in _evaluate_standard
    return op(a, b)
TypeError: unsupported operand type(s) for -: 'str' and 'float'

During handling of the above exception, another exception occurred:

Traceback (most recent call last):
  File "C:\Users\aadit\Documents\vs code\kaggle-royale\pipeline.py", line 832, in <module>
    main()
  File "C:\Users\aadit\Documents\vs code\kaggle-royale\pipeline.py", line 752, in main
    feature_cols, cb_cat_cols, lgb_encoders) = preprocess(
  File "C:\Users\aadit\Documents\vs code\kaggle-royale\pipeline.py", line 429, in preprocess
    train_j = engineer_features(train_j)
  File "C:\Users\aadit\Documents\vs code\kaggle-royale\pipeline.py", line 286, in engineer_features
    df[name] = df[pc] - df[oc]
  File "C:\Users\aadit\AppData\Local\Programs\Python\Python310\lib\site-packages\pandas\core\ops\common.py", line 76, in new_method
    return method(self, other)
  File "C:\Users\aadit\AppData\Local\Programs\Python\Python310\lib\site-packages\pandas\core\arraylike.py", line 194, in __sub__
    return self._arith_method(other, operator.sub)
  File "C:\Users\aadit\AppData\Local\Programs\Python\Python310\lib\site-packages\pandas\core\series.py", line 6154, in _arith_method
    return base.IndexOpsMixin._arith_method(self, other, op)
  File "C:\Users\aadit\AppData\Local\Programs\Python\Python310\lib\site-packages\pandas\core\base.py", line 1391, in _arith_method
    result = ops.arithmetic_op(lvalues, rvalues, op)
  File "C:\Users\aadit\AppData\Local\Programs\Python\Python310\lib\site-packages\pandas\core\ops\array_ops.py", line 283, in arithmetic_op
    res_values = _na_arithmetic_op(left, right, op)  # type: ignore[arg-type]
  File "C:\Users\aadit\AppData\Local\Programs\Python\Python310\lib\site-packages\pandas\core\ops\array_ops.py", line 227, in _na_arithmetic_op
    result = _masked_arith_op(left, right, op)
  File "C:\Users\aadit\AppData\Local\Programs\Python\Python310\lib\site-packages\pandas\core\ops\array_ops.py", line 163, in _masked_arith_op
    result[mask] = op(xrav[mask], yrav[mask])
TypeError: unsupported operand type(s) for -: 'str' and 'float'
